This is pdfTeX, Version 3.14159265-2.6-1.40.16 (TeX Live 2015/Debian) (preloaded format=pdflatex 2017.11.2)  10 NOV 2017 18:59
entering extended mode
 restricted \write18 enabled.
 %&-line parsing enabled.
**LM.tex
(/home/vanell/Documents/CV-LM/LM/Ortec/LM.tex
LaTeX2e <2016/02/01>
Babel <3.9q> and hyphenation patterns for 81 language(s) loaded.
(/usr/share/texlive/texmf-dist/tex/latex/koma-script/scrlttr2.cls
Document Class: scrlttr2 2015/10/03 v3.19a KOMA-Script document class (letter)
(/usr/share/texlive/texmf-dist/tex/latex/koma-script/scrkbase.sty
Package: scrkbase 2015/10/03 v3.19a KOMA-Script package (KOMA-Script-dependent 
basics and keyval usage)

(/usr/share/texlive/texmf-dist/tex/latex/koma-script/scrbase.sty
Package: scrbase 2015/10/03 v3.19a KOMA-Script package (KOMA-Script-independent
 basics and keyval usage)

(/usr/share/texlive/texmf-dist/tex/latex/graphics/keyval.sty
Package: keyval 2014/10/28 v1.15 key=value parser (DPC)
\KV@toks@=\toks14
)
(/usr/share/texlive/texmf-dist/tex/latex/koma-script/scrlfile.sty
Package: scrlfile 2015/10/03 v3.19a KOMA-Script package (loading files)

Package scrlfile, 2015/10/03 v3.19a KOMA-Script package (loading files)
                  Copyright (C) Markus Kohm

)))
Package scrlttr2 Info: You've used standard option `10pt'.
(scrlttr2)             This is correct!
(scrlttr2)             Internally I'm using `fontsize=10pt'.
(scrlttr2)             If you'd like to set the option with \KOMAoptions,
(scrlttr2)             you'd have to use `fontsize=10pt' there
(scrlttr2)             instead of `10pt', too.
Class scrlttr2 Info: File `scrsize10pt.clo' used to setup font sizes on input l
ine 1763.
 (/usr/share/texlive/texmf-dist/tex/latex/koma-script/scrsize10pt.clo
File: scrsize10pt.clo 2015/10/03 v3.19a KOMA-Script font size class option (10p
t)
)
LaTeX Info: Redefining \textsubscript on input line 1857.

(/usr/share/texlive/texmf-dist/tex/latex/koma-script/typearea.sty
Package: typearea 2015/10/03 v3.19a KOMA-Script package (type area)

Package typearea, 2015/10/03 v3.19a KOMA-Script package (type area)
                  Copyright (C) Frank Neukam, 1992-1994
                  Copyright (C) Markus Kohm, 1994-

\ta@bcor=\skip41
\ta@div=\count79
Package typearea Info: You've used standard option `a4paper'.
(typearea)             This is correct!
(typearea)             Internally I'm using `paper=a4'.
(typearea)             If you'd like to set the option with \KOMAoptions,
(typearea)             you'd have to use `paper=a4' there
(typearea)             instead of `a4paper', too.
\ta@hblk=\skip42
\ta@vblk=\skip43
\ta@temp=\skip44
\footheight=\skip45
Package typearea Info: These are the values describing the layout:
(typearea)             DIV  = 8
(typearea)             BCOR = 0.0pt
(typearea)             \paperwidth      = 597.50793pt
(typearea)              \textwidth      = 373.44246pt
(typearea)              DIV departure   = -4%
(typearea)              \evensidemargin = 39.76274pt
(typearea)              \oddsidemargin  = 39.76274pt
(typearea)             \paperheight     = 845.04694pt
(typearea)              \textheight     = 538.0pt
(typearea)              \topmargin      = 0.36087pt
(typearea)              \headheight     = 15.0pt
(typearea)              \headsep        = 18.0pt
(typearea)              \topskip        = 10.0pt
(typearea)              \footskip       = 42.0pt
(typearea)              \baselineskip   = 12.0pt
(typearea)              on input line 1509.
)
\c@letter=\count80
)
Class scrlttr2 Info: Letter-Class-Option `DIN' loaded on input line 7.
 (/usr/share/texlive/texmf-dist/tex/latex/koma-script/DIN.lco
File: DIN.lco 2015/10/03 v3.19a KOMA-Script letter-class-option
)
(/usr/share/texlive/texmf-dist/tex/latex/psnfss/palatino.sty
Package: palatino 2005/04/12 PSNFSS-v9.2a (SPQR) 
)
(/usr/share/texlive/texmf-dist/tex/latex/base/fontenc.sty
Package: fontenc 2005/09/27 v1.99g Standard LaTeX package

(/usr/share/texlive/texmf-dist/tex/latex/base/t1enc.def
File: t1enc.def 2005/09/27 v1.99g Standard LaTeX file
LaTeX Font Info:    Redeclaring font encoding T1 on input line 48.
))
(/usr/share/texlive/texmf-dist/tex/latex/ucs/ucs.sty
Package: ucs 2013/05/11 v2.2 UCS: Unicode input support

(/usr/share/texlive/texmf-dist/tex/latex/ucs/data/uni-global.def
File: uni-global.def 2013/05/13 UCS: Unicode global data
)
\uc@secondtry=\count81
\uc@combtoks=\toks15
\uc@combtoksb=\toks16
\uc@temptokena=\toks17
)
(/usr/share/texlive/texmf-dist/tex/latex/base/inputenc.sty
Package: inputenc 2015/03/17 v1.2c Input encoding file
\inpenc@prehook=\toks18
\inpenc@posthook=\toks19

(/usr/share/texlive/texmf-dist/tex/latex/ucs/utf8x.def
File: utf8x.def 2004/10/17 UCS: Input encoding UTF-8
))
(/usr/share/texlive/texmf-dist/tex/latex/geometry/geometry.sty
Package: geometry 2010/09/12 v5.6 Page Geometry

(/usr/share/texlive/texmf-dist/tex/generic/oberdiek/ifpdf.sty
Package: ifpdf 2011/01/30 v2.3 Provides the ifpdf switch (HO)
Package ifpdf Info: pdfTeX in PDF mode is detected.
)
(/usr/share/texlive/texmf-dist/tex/generic/oberdiek/ifvtex.sty
Package: ifvtex 2010/03/01 v1.5 Detect VTeX and its facilities (HO)
Package ifvtex Info: VTeX not detected.
)
(/usr/share/texlive/texmf-dist/tex/generic/ifxetex/ifxetex.sty
Package: ifxetex 2010/09/12 v0.6 Provides ifxetex conditional
)
\Gm@cnth=\count82
\Gm@cntv=\count83
\c@Gm@tempcnt=\count84
\Gm@bindingoffset=\dimen102
\Gm@wd@mp=\dimen103
\Gm@odd@mp=\dimen104
\Gm@even@mp=\dimen105
\Gm@layoutwidth=\dimen106
\Gm@layoutheight=\dimen107
\Gm@layouthoffset=\dimen108
\Gm@layoutvoffset=\dimen109
\Gm@dimlist=\toks20
)
Class scrlttr2 Info: Letter-Class-Option `NF' loaded on input line 41.

(/usr/share/texlive/texmf-dist/tex/latex/koma-script/NF.lco
File: NF.lco 2015/10/03 v3.19a KOMA-Script letter-class-option
)
(/home/vanell/Documents/CV-LM/LM/Ortec/LM.aux)
\openout1 = `LM.aux'.

LaTeX Font Info:    Checking defaults for OML/cmm/m/it on input line 96.
LaTeX Font Info:    ... okay on input line 96.
LaTeX Font Info:    Checking defaults for T1/cmr/m/n on input line 96.
LaTeX Font Info:    ... okay on input line 96.
LaTeX Font Info:    Checking defaults for OT1/cmr/m/n on input line 96.
LaTeX Font Info:    ... okay on input line 96.
LaTeX Font Info:    Checking defaults for OMS/cmsy/m/n on input line 96.
LaTeX Font Info:    ... okay on input line 96.
LaTeX Font Info:    Checking defaults for OMX/cmex/m/n on input line 96.
LaTeX Font Info:    ... okay on input line 96.
LaTeX Font Info:    Checking defaults for U/cmr/m/n on input line 96.
LaTeX Font Info:    ... okay on input line 96.
LaTeX Font Info:    Try loading font information for T1+ppl on input line 96.

(/usr/share/texlive/texmf-dist/tex/latex/psnfss/t1ppl.fd
File: t1ppl.fd 2001/06/04 font definitions for T1/ppl.
)
Package scrbase Info: activating english \yourrefname on input line 96.
Package scrbase Info: activating english \yourmailname on input line 96.
Package scrbase Info: activating english \myrefname on input line 96.
Package scrbase Info: activating english \customername on input line 96.
Package scrbase Info: activating english \invoicename on input line 96.
Package scrbase Info: activating english \subjectname on input line 96.
Package scrbase Info: activating english \ccname on input line 96.
Package scrbase Info: activating english \enclname on input line 96.
Package scrbase Info: activating english \headtoname on input line 96.
Package scrbase Info: activating english \headfromname on input line 96.
Package scrbase Info: activating english \datename on input line 96.
Package scrbase Info: activating english \pagename on input line 96.
Package scrbase Info: activating english \phonename on input line 96.
Package scrbase Info: activating english \mobilephonename on input line 96.
Package scrbase Info: activating english \faxname on input line 96.
Package scrbase Info: activating english \emailname on input line 96.
Package scrbase Info: activating english \wwwname on input line 96.
Package scrbase Info: activating english \bankname on input line 96.
Class scrlttr2 Info: no date found for language `american'
(scrlttr2)           --> skipped on input line 96.
Class scrlttr2 Info: no date found for language `australien'
(scrlttr2)           --> skipped on input line 96.
Class scrlttr2 Info: no date found for language `british'
(scrlttr2)           --> skipped on input line 96.
Class scrlttr2 Info: no date found for language `canadian'
(scrlttr2)           --> skipped on input line 96.
Class scrlttr2 Info: no date found for language `newzealand'
(scrlttr2)           --> skipped on input line 96.
Class scrlttr2 Info: no date found for language `USenglish'
(scrlttr2)           --> skipped on input line 96.
Class scrlttr2 Info: no date found for language `UKenglish'
(scrlttr2)           --> skipped on input line 96.
Class scrlttr2 Info: no date found for language `german'
(scrlttr2)           --> skipped on input line 96.
Class scrlttr2 Info: no date found for language `ngerman'
(scrlttr2)           --> skipped on input line 96.
Class scrlttr2 Info: no date found for language `austrian'
(scrlttr2)           --> skipped on input line 96.
Class scrlttr2 Info: no date found for language `naustrian'
(scrlttr2)           --> skipped on input line 96.
Class scrlttr2 Info: no date found for language `swissgerman'
(scrlttr2)           --> skipped on input line 96.
Class scrlttr2 Info: no date found for language `nswissgerman'
(scrlttr2)           --> skipped on input line 96.
Class scrlttr2 Info: no date found for language `acadian'
(scrlttr2)           --> skipped on input line 96.
Class scrlttr2 Info: no date found for language `canadien'
(scrlttr2)           --> skipped on input line 96.
Class scrlttr2 Info: no date found for language `francais'
(scrlttr2)           --> skipped on input line 96.
Class scrlttr2 Info: no date found for language `french'
(scrlttr2)           --> skipped on input line 96.
Class scrlttr2 Info: no date found for language `italian'
(scrlttr2)           --> skipped on input line 96.
Class scrlttr2 Info: no date found for language `spanish'
(scrlttr2)           --> skipped on input line 96.
Class scrlttr2 Info: no date found for language `croatian'
(scrlttr2)           --> skipped on input line 96.
Class scrlttr2 Info: no date found for language `dutch'
(scrlttr2)           --> skipped on input line 96.
Class scrlttr2 Info: no date found for language `finnish'
(scrlttr2)           --> skipped on input line 96.
Class scrlttr2 Info: no date found for language `norsk'
(scrlttr2)           --> skipped on input line 96.
Class scrlttr2 Info: no date found for language `swedish'
(scrlttr2)           --> skipped on input line 96.
Class scrlttr2 Info: no date found for language `polish'
(scrlttr2)           --> skipped on input line 96.
Class scrlttr2 Info: no date found for language `czech'
(scrlttr2)           --> skipped on input line 96.
Class scrlttr2 Info: no date found for language `slovak'
(scrlttr2)           --> skipped on input line 96.
Class scrlttr2 Info: trying to activate captions and date
(scrlttr2)           of language `english' on input line 96.
Class scrlttr2 Info: used language is `english'.
(scrlttr2)           Supported languages are: `english', `UKenglish',
(scrlttr2)           `british', `american', `USenglish', `australian`,
(scrlttr2)           `canadian', `newzealand',
(scrlttr2)           `german', `ngerman', `austrian', `naustrian',
(scrlttr2)           `swissgerman', `nswissgermsn',
(scrlttr2)           `acadian', `canadien', `francais', `french', 
(scrlttr2)           `dutch', `italian', `spanish', `polish',
(scrlttr2)           `croatian', `finnish', `norsk', `swedish',
(scrlttr2)           `czech'. `slovak'  on input line 96.

(/usr/share/texlive/texmf-dist/tex/latex/ucs/ucsencs.def
File: ucsencs.def 2011/01/21 Fixes to fontencodings LGR, T3
)
*geometry* driver: auto-detecting
*geometry* detected driver: pdftex

Package geometry Warning: The marginal notes overrun the paper.
     Add 59.07585pt and more to the right margin.

*geometry* verbose mode - [ preamble ] result:
* driver: pdftex
* paper: a4paper
* layout: <same size as paper>
* layoutoffset:(h,v)=(0.0pt,0.0pt)
* modes: 
* h-part:(L,W,R)=(28.45274pt, 540.60239pt, 28.45274pt)
* v-part:(T,H,B)=(101.40665pt, 729.41383pt, 14.22636pt)
* \paperwidth=597.50787pt
* \paperheight=845.04684pt
* \textwidth=540.60239pt
* \textheight=729.41383pt
* \oddsidemargin=-43.81725pt
* \evensidemargin=-43.81725pt
* \topmargin=-3.86334pt
* \headheight=15.0pt
* \headsep=18.0pt
* \topskip=10.0pt
* \footskip=42.0pt
* \marginparwidth=74.68849pt
* \marginparsep=12.8401pt
* \columnsep=0.0pt
* \skip\footins=9.0pt plus 4.0pt minus 2.0pt
* \hoffset=0.0pt
* \voffset=0.0pt
* \mag=1000
* \@twocolumnfalse
* \@twosidefalse
* \@mparswitchfalse
* \@reversemarginfalse
* (1in=72.27pt=25.4mm, 1cm=28.453pt)

Foldmarks: yes
Head of first page

Overfull \vbox (11.3324pt too high) detected at line 115
 []


Class scrlttr2 Warning: head of first page is 11.3324pt too high.
(scrlttr2)              You have to change `firstheadvpos'
(scrlttr2)              or you have to define a smaller
(scrlttr2)              head of first page using \setkomavar.
(scrlttr2)              Because of this too high head of first page
(scrlttr2)              you've got an overfull \vbox message on input line 115.


No foot at first page
Address (addressee)
Location field: empty
Title: no
Subject: before opening
LaTeX Font Info:    Font shape `T1/ppl/bx/n' in size <10> not available
(Font)              Font shape `T1/ppl/b/n' tried instead on input line 115.
(/usr/share/texlive/texmf-dist/tex/latex/ucs/data/uni-0.def
File: uni-0.def 2013/05/13 UCS: Unicode data U+0000..U+00FF
)
Underfull \hbox (badness 10000) in paragraph at lines 118--119

 []

(/usr/share/texlive/texmf-dist/tex/latex/ucs/data/uni-32.def
File: uni-32.def 2013/05/13 UCS: Unicode data U+2000..U+20FF
)
Underfull \hbox (badness 10000) in paragraph at lines 120--121

 []


Underfull \hbox (badness 10000) in paragraph at lines 122--123

 []

(/usr/share/texlive/texmf-dist/tex/latex/ucs/data/uni-1.def
File: uni-1.def 2013/05/13 UCS: Unicode data U+0100..U+01FF
)
Underfull \hbox (badness 10000) in paragraph at lines 126--127

 []


Underfull \hbox (badness 10000) in paragraph at lines 128--129

 []


Underfull \hbox (badness 10000) in paragraph at lines 130--131

 []


Underfull \hbox (badness 10000) in paragraph at lines 132--133

 []


Underfull \hbox (badness 10000) in paragraph at lines 134--135

 []


! LaTeX Error: There's no line here to end.

See the LaTeX manual or LaTeX Companion for explanation.
Type  H <return>  for immediate help.
 ...                                              
                                                  
l.140 \\
        [6ex] Geoffrey \textsc{Gaillard}
Your command was ignored.
Type  I <command> <return>  to replace it with another command,
or  <return>  to continue without it.

[1



{/var/lib/texmf/fonts/map/pdftex/updmap/pdftex.map}]
(/home/vanell/Documents/CV-LM/LM/Ortec/LM.aux) ) 
Here is how much of TeX's memory you used:
 3840 strings out of 493029
 53973 string characters out of 6136234
 194256 words of memory out of 5000000
 7374 multiletter control sequences out of 15000+600000
 11314 words of font info for 23 fonts, out of 8000000 for 9000
 1141 hyphenation exceptions out of 8191
 43i,6n,50p,571b,631s stack positions out of 5000i,500n,10000p,200000b,80000s
{/usr/share/texlive/texmf-dist/
fonts/enc/dvips/base/8r.enc}</usr/share/texlive/texmf-dist/fonts/type1/urw/pala
tino/uplb8a.pfb></usr/share/texlive/texmf-dist/fonts/type1/urw/palatino/uplr8a.
pfb>
Output written on /home/vanell/Documents/CV-LM/LM/Ortec/LM.pdf (1 page, 41167 b
ytes).
PDF statistics:
 17 PDF objects out of 1000 (max. 8388607)
 11 compressed objects within 1 object stream
 0 named destinations out of 1000 (max. 500000)
 1 words of extra memory for PDF output out of 10000 (max. 10000000)

